{
  "/Users/johnkiernan/turing/3mod/shore-leave/src/components/Button/Button.js": {
    "path": "/Users/johnkiernan/turing/3mod/shore-leave/src/components/Button/Button.js",
    "statementMap": {
      "0": {
        "start": {
          "line": 6,
          "column": 2
        },
        "end": {
          "line": 18,
          "column": 5
        }
      }
    },
    "fnMap": {
      "0": {
        "name": "Button",
        "decl": {
          "start": {
            "line": 5,
            "column": 9
          },
          "end": {
            "line": 5,
            "column": 15
          }
        },
        "loc": {
          "start": {
            "line": 5,
            "column": 57
          },
          "end": {
            "line": 19,
            "column": 1
          }
        },
        "line": 5
      }
    },
    "branchMap": {
      "0": {
        "loc": {
          "start": {
            "line": 8,
            "column": 7
          },
          "end": {
            "line": 12,
            "column": 13
          }
        },
        "type": "binary-expr",
        "locations": [
          {
            "start": {
              "line": 8,
              "column": 7
            },
            "end": {
              "line": 8,
              "column": 11
            }
          },
          {
            "start": {
              "line": 8,
              "column": 15
            },
            "end": {
              "line": 12,
              "column": 13
            }
          }
        ],
        "line": 8
      },
      "1": {
        "loc": {
          "start": {
            "line": 14,
            "column": 7
          },
          "end": {
            "line": 16,
            "column": 15
          }
        },
        "type": "binary-expr",
        "locations": [
          {
            "start": {
              "line": 14,
              "column": 7
            },
            "end": {
              "line": 14,
              "column": 12
            }
          },
          {
            "start": {
              "line": 14,
              "column": 16
            },
            "end": {
              "line": 16,
              "column": 15
            }
          }
        ],
        "line": 14
      }
    },
    "s": {
      "0": 488
    },
    "f": {
      "0": 488
    },
    "b": {
      "0": [
        488,
        488
      ],
      "1": [
        488,
        0
      ]
    },
    "_coverageSchema": "1a1c01bbd47fc00a2c39e90264f33305004495a9",
    "hash": "915d6d93f24e0a577ad95fa80b56b8ce2922d3a5"
  },
  "/Users/johnkiernan/turing/3mod/shore-leave/src/components/Nav/Nav.js": {
    "path": "/Users/johnkiernan/turing/3mod/shore-leave/src/components/Nav/Nav.js",
    "statementMap": {
      "0": {
        "start": {
          "line": 7,
          "column": 4
        },
        "end": {
          "line": 7,
          "column": 22
        }
      },
      "1": {
        "start": {
          "line": 10,
          "column": 2
        },
        "end": {
          "line": 18,
          "column": 5
        }
      }
    },
    "fnMap": {
      "0": {
        "name": "Nav",
        "decl": {
          "start": {
            "line": 5,
            "column": 9
          },
          "end": {
            "line": 5,
            "column": 12
          }
        },
        "loc": {
          "start": {
            "line": 5,
            "column": 25
          },
          "end": {
            "line": 19,
            "column": 1
          }
        },
        "line": 5
      },
      "1": {
        "name": "setStageMarina",
        "decl": {
          "start": {
            "line": 6,
            "column": 11
          },
          "end": {
            "line": 6,
            "column": 25
          }
        },
        "loc": {
          "start": {
            "line": 6,
            "column": 28
          },
          "end": {
            "line": 8,
            "column": 3
          }
        },
        "line": 6
      }
    },
    "branchMap": {},
    "s": {
      "0": 18,
      "1": 244
    },
    "f": {
      "0": 244,
      "1": 18
    },
    "b": {},
    "_coverageSchema": "1a1c01bbd47fc00a2c39e90264f33305004495a9",
    "hash": "4bad25f5c836fb43c6723fd681c07894c870fdbd"
  },
  "/Users/johnkiernan/turing/3mod/shore-leave/src/components/TripCard/TripCard.js": {
    "path": "/Users/johnkiernan/turing/3mod/shore-leave/src/components/TripCard/TripCard.js",
    "statementMap": {
      "0": {
        "start": {
          "line": 6,
          "column": 2
        },
        "end": {
          "line": 14,
          "column": 5
        }
      },
      "1": {
        "start": {
          "line": 7,
          "column": 66
        },
        "end": {
          "line": 7,
          "column": 86
        }
      }
    },
    "fnMap": {
      "0": {
        "name": "TripCard",
        "decl": {
          "start": {
            "line": 5,
            "column": 9
          },
          "end": {
            "line": 5,
            "column": 17
          }
        },
        "loc": {
          "start": {
            "line": 5,
            "column": 54
          },
          "end": {
            "line": 15,
            "column": 1
          }
        },
        "line": 5
      },
      "1": {
        "name": "(anonymous_1)",
        "decl": {
          "start": {
            "line": 7,
            "column": 60
          },
          "end": {
            "line": 7,
            "column": 61
          }
        },
        "loc": {
          "start": {
            "line": 7,
            "column": 66
          },
          "end": {
            "line": 7,
            "column": 86
          }
        },
        "line": 7
      }
    },
    "branchMap": {},
    "s": {
      "0": 8,
      "1": 4
    },
    "f": {
      "0": 8,
      "1": 4
    },
    "b": {},
    "_coverageSchema": "1a1c01bbd47fc00a2c39e90264f33305004495a9",
    "hash": "fe5b841e4e741b742d501f0c2f2107e040d634d4"
  },
  "/Users/johnkiernan/turing/3mod/shore-leave/src/components/TripSection/TripSection.js": {
    "path": "/Users/johnkiernan/turing/3mod/shore-leave/src/components/TripSection/TripSection.js",
    "statementMap": {
      "0": {
        "start": {
          "line": 7,
          "column": 2
        },
        "end": {
          "line": 7,
          "column": 20
        }
      },
      "1": {
        "start": {
          "line": 8,
          "column": 2
        },
        "end": {
          "line": 19,
          "column": 5
        }
      },
      "2": {
        "start": {
          "line": 13,
          "column": 10
        },
        "end": {
          "line": 15,
          "column": 11
        }
      }
    },
    "fnMap": {
      "0": {
        "name": "TripSection",
        "decl": {
          "start": {
            "line": 6,
            "column": 9
          },
          "end": {
            "line": 6,
            "column": 20
          }
        },
        "loc": {
          "start": {
            "line": 6,
            "column": 57
          },
          "end": {
            "line": 20,
            "column": 1
          }
        },
        "line": 6
      },
      "1": {
        "name": "(anonymous_1)",
        "decl": {
          "start": {
            "line": 12,
            "column": 38
          },
          "end": {
            "line": 12,
            "column": 39
          }
        },
        "loc": {
          "start": {
            "line": 12,
            "column": 46
          },
          "end": {
            "line": 16,
            "column": 9
          }
        },
        "line": 12
      }
    },
    "branchMap": {
      "0": {
        "loc": {
          "start": {
            "line": 12,
            "column": 9
          },
          "end": {
            "line": 16,
            "column": 51
          }
        },
        "type": "cond-expr",
        "locations": [
          {
            "start": {
              "line": 12,
              "column": 28
            },
            "end": {
              "line": 16,
              "column": 10
            }
          },
          {
            "start": {
              "line": 16,
              "column": 13
            },
            "end": {
              "line": 16,
              "column": 51
            }
          }
        ],
        "line": 12
      }
    },
    "s": {
      "0": 96,
      "1": 96,
      "2": 8
    },
    "f": {
      "0": 96,
      "1": 8
    },
    "b": {
      "0": [
        8,
        88
      ]
    },
    "_coverageSchema": "1a1c01bbd47fc00a2c39e90264f33305004495a9",
    "hash": "0bbcc1947b1b2497664b794c285e137e413c6f11"
  },
  "/Users/johnkiernan/turing/3mod/shore-leave/src/components/MainPage/MainPage.js": {
    "path": "/Users/johnkiernan/turing/3mod/shore-leave/src/components/MainPage/MainPage.js",
    "statementMap": {
      "0": {
        "start": {
          "line": 6,
          "column": 20
        },
        "end": {
          "line": 6,
          "column": 85
        }
      },
      "1": {
        "start": {
          "line": 6,
          "column": 42
        },
        "end": {
          "line": 6,
          "column": 84
        }
      },
      "2": {
        "start": {
          "line": 8,
          "column": 24
        },
        "end": {
          "line": 8,
          "column": 90
        }
      },
      "3": {
        "start": {
          "line": 8,
          "column": 46
        },
        "end": {
          "line": 8,
          "column": 89
        }
      },
      "4": {
        "start": {
          "line": 10,
          "column": 2
        },
        "end": {
          "line": 16,
          "column": 5
        }
      }
    },
    "fnMap": {
      "0": {
        "name": "MainPage",
        "decl": {
          "start": {
            "line": 5,
            "column": 9
          },
          "end": {
            "line": 5,
            "column": 17
          }
        },
        "loc": {
          "start": {
            "line": 5,
            "column": 37
          },
          "end": {
            "line": 17,
            "column": 1
          }
        },
        "line": 5
      },
      "1": {
        "name": "(anonymous_1)",
        "decl": {
          "start": {
            "line": 6,
            "column": 34
          },
          "end": {
            "line": 6,
            "column": 35
          }
        },
        "loc": {
          "start": {
            "line": 6,
            "column": 42
          },
          "end": {
            "line": 6,
            "column": 84
          }
        },
        "line": 6
      },
      "2": {
        "name": "(anonymous_2)",
        "decl": {
          "start": {
            "line": 8,
            "column": 38
          },
          "end": {
            "line": 8,
            "column": 39
          }
        },
        "loc": {
          "start": {
            "line": 8,
            "column": 46
          },
          "end": {
            "line": 8,
            "column": 89
          }
        },
        "line": 8
      }
    },
    "branchMap": {},
    "s": {
      "0": 48,
      "1": 8,
      "2": 48,
      "3": 8,
      "4": 48
    },
    "f": {
      "0": 48,
      "1": 8,
      "2": 8
    },
    "b": {},
    "_coverageSchema": "1a1c01bbd47fc00a2c39e90264f33305004495a9",
    "hash": "d4c855a5d066b244fecb705ce9a1b54b4f285bb5"
  },
  "/Users/johnkiernan/turing/3mod/shore-leave/src/utilities.js": {
    "path": "/Users/johnkiernan/turing/3mod/shore-leave/src/utilities.js",
    "statementMap": {
      "0": {
        "start": {
          "line": 2,
          "column": 23
        },
        "end": {
          "line": 2,
          "column": 77
        }
      },
      "1": {
        "start": {
          "line": 2,
          "column": 53
        },
        "end": {
          "line": 2,
          "column": 76
        }
      },
      "2": {
        "start": {
          "line": 3,
          "column": 21
        },
        "end": {
          "line": 25,
          "column": 41
        }
      },
      "3": {
        "start": {
          "line": 4,
          "column": 26
        },
        "end": {
          "line": 4,
          "column": 28
        }
      },
      "4": {
        "start": {
          "line": 5,
          "column": 4
        },
        "end": {
          "line": 7,
          "column": 5
        }
      },
      "5": {
        "start": {
          "line": 6,
          "column": 6
        },
        "end": {
          "line": 6,
          "column": 34
        }
      },
      "6": {
        "start": {
          "line": 9,
          "column": 4
        },
        "end": {
          "line": 11,
          "column": 5
        }
      },
      "7": {
        "start": {
          "line": 10,
          "column": 6
        },
        "end": {
          "line": 10,
          "column": 35
        }
      },
      "8": {
        "start": {
          "line": 13,
          "column": 4
        },
        "end": {
          "line": 15,
          "column": 5
        }
      },
      "9": {
        "start": {
          "line": 14,
          "column": 6
        },
        "end": {
          "line": 14,
          "column": 31
        }
      },
      "10": {
        "start": {
          "line": 16,
          "column": 4
        },
        "end": {
          "line": 24,
          "column": 5
        }
      },
      "11": {
        "start": {
          "line": 25,
          "column": 20
        },
        "end": {
          "line": 25,
          "column": 39
        }
      },
      "12": {
        "start": {
          "line": 26,
          "column": 2
        },
        "end": {
          "line": 26,
          "column": 19
        }
      },
      "13": {
        "start": {
          "line": 30,
          "column": 2
        },
        "end": {
          "line": 42,
          "column": 44
        }
      },
      "14": {
        "start": {
          "line": 31,
          "column": 4
        },
        "end": {
          "line": 41,
          "column": 5
        }
      },
      "15": {
        "start": {
          "line": 33,
          "column": 47
        },
        "end": {
          "line": 33,
          "column": 55
        }
      },
      "16": {
        "start": {
          "line": 42,
          "column": 20
        },
        "end": {
          "line": 42,
          "column": 43
        }
      }
    },
    "fnMap": {
      "0": {
        "name": "cleanMarinaData",
        "decl": {
          "start": {
            "line": 1,
            "column": 9
          },
          "end": {
            "line": 1,
            "column": 24
          }
        },
        "loc": {
          "start": {
            "line": 1,
            "column": 35
          },
          "end": {
            "line": 27,
            "column": 1
          }
        },
        "line": 1
      },
      "1": {
        "name": "(anonymous_1)",
        "decl": {
          "start": {
            "line": 2,
            "column": 44
          },
          "end": {
            "line": 2,
            "column": 45
          }
        },
        "loc": {
          "start": {
            "line": 2,
            "column": 53
          },
          "end": {
            "line": 2,
            "column": 76
          }
        },
        "line": 2
      },
      "2": {
        "name": "(anonymous_2)",
        "decl": {
          "start": {
            "line": 3,
            "column": 38
          },
          "end": {
            "line": 3,
            "column": 39
          }
        },
        "loc": {
          "start": {
            "line": 3,
            "column": 48
          },
          "end": {
            "line": 25,
            "column": 3
          }
        },
        "line": 3
      },
      "3": {
        "name": "(anonymous_3)",
        "decl": {
          "start": {
            "line": 25,
            "column": 10
          },
          "end": {
            "line": 25,
            "column": 11
          }
        },
        "loc": {
          "start": {
            "line": 25,
            "column": 20
          },
          "end": {
            "line": 25,
            "column": 39
          }
        },
        "line": 25
      },
      "4": {
        "name": "cleanPOIData",
        "decl": {
          "start": {
            "line": 29,
            "column": 9
          },
          "end": {
            "line": 29,
            "column": 21
          }
        },
        "loc": {
          "start": {
            "line": 29,
            "column": 28
          },
          "end": {
            "line": 43,
            "column": 1
          }
        },
        "line": 29
      },
      "5": {
        "name": "(anonymous_5)",
        "decl": {
          "start": {
            "line": 30,
            "column": 26
          },
          "end": {
            "line": 30,
            "column": 27
          }
        },
        "loc": {
          "start": {
            "line": 30,
            "column": 36
          },
          "end": {
            "line": 42,
            "column": 3
          }
        },
        "line": 30
      },
      "6": {
        "name": "(anonymous_6)",
        "decl": {
          "start": {
            "line": 33,
            "column": 40
          },
          "end": {
            "line": 33,
            "column": 41
          }
        },
        "loc": {
          "start": {
            "line": 33,
            "column": 47
          },
          "end": {
            "line": 33,
            "column": 55
          }
        },
        "line": 33
      },
      "7": {
        "name": "(anonymous_7)",
        "decl": {
          "start": {
            "line": 42,
            "column": 10
          },
          "end": {
            "line": 42,
            "column": 11
          }
        },
        "loc": {
          "start": {
            "line": 42,
            "column": 20
          },
          "end": {
            "line": 42,
            "column": 43
          }
        },
        "line": 42
      }
    },
    "branchMap": {
      "0": {
        "loc": {
          "start": {
            "line": 5,
            "column": 4
          },
          "end": {
            "line": 7,
            "column": 5
          }
        },
        "type": "if",
        "locations": [
          {
            "start": {
              "line": 5,
              "column": 4
            },
            "end": {
              "line": 7,
              "column": 5
            }
          },
          {
            "start": {
              "line": 5,
              "column": 4
            },
            "end": {
              "line": 7,
              "column": 5
            }
          }
        ],
        "line": 5
      },
      "1": {
        "loc": {
          "start": {
            "line": 9,
            "column": 4
          },
          "end": {
            "line": 11,
            "column": 5
          }
        },
        "type": "if",
        "locations": [
          {
            "start": {
              "line": 9,
              "column": 4
            },
            "end": {
              "line": 11,
              "column": 5
            }
          },
          {
            "start": {
              "line": 9,
              "column": 4
            },
            "end": {
              "line": 11,
              "column": 5
            }
          }
        ],
        "line": 9
      },
      "2": {
        "loc": {
          "start": {
            "line": 13,
            "column": 4
          },
          "end": {
            "line": 15,
            "column": 5
          }
        },
        "type": "if",
        "locations": [
          {
            "start": {
              "line": 13,
              "column": 4
            },
            "end": {
              "line": 15,
              "column": 5
            }
          },
          {
            "start": {
              "line": 13,
              "column": 4
            },
            "end": {
              "line": 15,
              "column": 5
            }
          }
        ],
        "line": 13
      },
      "3": {
        "loc": {
          "start": {
            "line": 19,
            "column": 14
          },
          "end": {
            "line": 19,
            "column": 73
          }
        },
        "type": "cond-expr",
        "locations": [
          {
            "start": {
              "line": 19,
              "column": 30
            },
            "end": {
              "line": 19,
              "column": 66
            }
          },
          {
            "start": {
              "line": 19,
              "column": 69
            },
            "end": {
              "line": 19,
              "column": 73
            }
          }
        ],
        "line": 19
      },
      "4": {
        "loc": {
          "start": {
            "line": 21,
            "column": 19
          },
          "end": {
            "line": 21,
            "column": 93
          }
        },
        "type": "cond-expr",
        "locations": [
          {
            "start": {
              "line": 21,
              "column": 51
            },
            "end": {
              "line": 21,
              "column": 86
            }
          },
          {
            "start": {
              "line": 21,
              "column": 89
            },
            "end": {
              "line": 21,
              "column": 93
            }
          }
        ],
        "line": 21
      },
      "5": {
        "loc": {
          "start": {
            "line": 22,
            "column": 19
          },
          "end": {
            "line": 22,
            "column": 89
          }
        },
        "type": "cond-expr",
        "locations": [
          {
            "start": {
              "line": 22,
              "column": 51
            },
            "end": {
              "line": 22,
              "column": 82
            }
          },
          {
            "start": {
              "line": 22,
              "column": 85
            },
            "end": {
              "line": 22,
              "column": 89
            }
          }
        ],
        "line": 22
      }
    },
    "s": {
      "0": 15,
      "1": 1500,
      "2": 15,
      "3": 420,
      "4": 420,
      "5": 93,
      "6": 420,
      "7": 0,
      "8": 420,
      "9": 93,
      "10": 420,
      "11": 1398,
      "12": 15,
      "13": 9,
      "14": 27,
      "15": 63,
      "16": 27
    },
    "f": {
      "0": 15,
      "1": 1500,
      "2": 420,
      "3": 1398,
      "4": 9,
      "5": 27,
      "6": 63,
      "7": 27
    },
    "b": {
      "0": [
        93,
        327
      ],
      "1": [
        0,
        420
      ],
      "2": [
        93,
        327
      ],
      "3": [
        179,
        241
      ],
      "4": [
        108,
        312
      ],
      "5": [
        108,
        312
      ]
    },
    "_coverageSchema": "1a1c01bbd47fc00a2c39e90264f33305004495a9",
    "hash": "34fe8ef8304af995dd42f41512a3d284f33c7267"
  },
  "/Users/johnkiernan/turing/3mod/shore-leave/src/api-calls.js": {
    "path": "/Users/johnkiernan/turing/3mod/shore-leave/src/api-calls.js",
    "statementMap": {
      "0": {
        "start": {
          "line": 4,
          "column": 2
        },
        "end": {
          "line": 10,
          "column": 4
        }
      },
      "1": {
        "start": {
          "line": 5,
          "column": 15
        },
        "end": {
          "line": 5,
          "column": 25
        }
      },
      "2": {
        "start": {
          "line": 7,
          "column": 4
        },
        "end": {
          "line": 7,
          "column": 21
        }
      },
      "3": {
        "start": {
          "line": 8,
          "column": 24
        },
        "end": {
          "line": 8,
          "column": 45
        }
      },
      "4": {
        "start": {
          "line": 9,
          "column": 4
        },
        "end": {
          "line": 9,
          "column": 23
        }
      },
      "5": {
        "start": {
          "line": 19,
          "column": 17
        },
        "end": {
          "line": 24,
          "column": 3
        }
      },
      "6": {
        "start": {
          "line": 25,
          "column": 26
        },
        "end": {
          "line": 25,
          "column": 83
        }
      },
      "7": {
        "start": {
          "line": 26,
          "column": 2
        },
        "end": {
          "line": 35,
          "column": 4
        }
      },
      "8": {
        "start": {
          "line": 31,
          "column": 15
        },
        "end": {
          "line": 31,
          "column": 25
        }
      },
      "9": {
        "start": {
          "line": 33,
          "column": 24
        },
        "end": {
          "line": 33,
          "column": 42
        }
      },
      "10": {
        "start": {
          "line": 34,
          "column": 4
        },
        "end": {
          "line": 34,
          "column": 23
        }
      }
    },
    "fnMap": {
      "0": {
        "name": "fetchMarinas",
        "decl": {
          "start": {
            "line": 3,
            "column": 9
          },
          "end": {
            "line": 3,
            "column": 21
          }
        },
        "loc": {
          "start": {
            "line": 3,
            "column": 58
          },
          "end": {
            "line": 16,
            "column": 1
          }
        },
        "line": 3
      },
      "1": {
        "name": "(anonymous_1)",
        "decl": {
          "start": {
            "line": 5,
            "column": 8
          },
          "end": {
            "line": 5,
            "column": 9
          }
        },
        "loc": {
          "start": {
            "line": 5,
            "column": 15
          },
          "end": {
            "line": 5,
            "column": 25
          }
        },
        "line": 5
      },
      "2": {
        "name": "(anonymous_2)",
        "decl": {
          "start": {
            "line": 6,
            "column": 8
          },
          "end": {
            "line": 6,
            "column": 9
          }
        },
        "loc": {
          "start": {
            "line": 6,
            "column": 16
          },
          "end": {
            "line": 10,
            "column": 3
          }
        },
        "line": 6
      },
      "3": {
        "name": "searchPOI",
        "decl": {
          "start": {
            "line": 18,
            "column": 9
          },
          "end": {
            "line": 18,
            "column": 18
          }
        },
        "loc": {
          "start": {
            "line": 18,
            "column": 69
          },
          "end": {
            "line": 36,
            "column": 3
          }
        },
        "line": 18
      },
      "4": {
        "name": "(anonymous_4)",
        "decl": {
          "start": {
            "line": 31,
            "column": 8
          },
          "end": {
            "line": 31,
            "column": 9
          }
        },
        "loc": {
          "start": {
            "line": 31,
            "column": 15
          },
          "end": {
            "line": 31,
            "column": 25
          }
        },
        "line": 31
      },
      "5": {
        "name": "(anonymous_5)",
        "decl": {
          "start": {
            "line": 32,
            "column": 8
          },
          "end": {
            "line": 32,
            "column": 9
          }
        },
        "loc": {
          "start": {
            "line": 32,
            "column": 16
          },
          "end": {
            "line": 35,
            "column": 3
          }
        },
        "line": 32
      }
    },
    "branchMap": {},
    "s": {
      "0": 15,
      "1": 15,
      "2": 15,
      "3": 15,
      "4": 15,
      "5": 9,
      "6": 9,
      "7": 9,
      "8": 9,
      "9": 9,
      "10": 9
    },
    "f": {
      "0": 15,
      "1": 15,
      "2": 15,
      "3": 9,
      "4": 9,
      "5": 9
    },
    "b": {},
    "_coverageSchema": "1a1c01bbd47fc00a2c39e90264f33305004495a9",
    "hash": "beeaf6a505d2131e4890f987fb0137d7ddb0fa74"
  },
  "/Users/johnkiernan/turing/3mod/shore-leave/src/components/Map/MapEvents.js": {
    "path": "/Users/johnkiernan/turing/3mod/shore-leave/src/components/Map/MapEvents.js",
    "statementMap": {
      "0": {
        "start": {
          "line": 6,
          "column": 20
        },
        "end": {
          "line": 6,
          "column": 46
        }
      },
      "1": {
        "start": {
          "line": 7,
          "column": 20
        },
        "end": {
          "line": 7,
          "column": 46
        }
      },
      "2": {
        "start": {
          "line": 8,
          "column": 2
        },
        "end": {
          "line": 13,
          "column": 3
        }
      },
      "3": {
        "start": {
          "line": 17,
          "column": 14
        },
        "end": {
          "line": 21,
          "column": 4
        }
      },
      "4": {
        "start": {
          "line": 19,
          "column": 6
        },
        "end": {
          "line": 19,
          "column": 47
        }
      },
      "5": {
        "start": {
          "line": 22,
          "column": 2
        },
        "end": {
          "line": 22,
          "column": 13
        }
      }
    },
    "fnMap": {
      "0": {
        "name": "cleanMapBounds",
        "decl": {
          "start": {
            "line": 5,
            "column": 9
          },
          "end": {
            "line": 5,
            "column": 23
          }
        },
        "loc": {
          "start": {
            "line": 5,
            "column": 29
          },
          "end": {
            "line": 14,
            "column": 1
          }
        },
        "line": 5
      },
      "1": {
        "name": "MapEvents",
        "decl": {
          "start": {
            "line": 16,
            "column": 9
          },
          "end": {
            "line": 16,
            "column": 18
          }
        },
        "loc": {
          "start": {
            "line": 16,
            "column": 29
          },
          "end": {
            "line": 23,
            "column": 1
          }
        },
        "line": 16
      },
      "2": {
        "name": "(anonymous_2)",
        "decl": {
          "start": {
            "line": 18,
            "column": 13
          },
          "end": {
            "line": 18,
            "column": 14
          }
        },
        "loc": {
          "start": {
            "line": 18,
            "column": 19
          },
          "end": {
            "line": 20,
            "column": 5
          }
        },
        "line": 18
      }
    },
    "branchMap": {},
    "s": {
      "0": 15,
      "1": 15,
      "2": 15,
      "3": 96,
      "4": 15,
      "5": 96
    },
    "f": {
      "0": 15,
      "1": 96,
      "2": 15
    },
    "b": {},
    "_coverageSchema": "1a1c01bbd47fc00a2c39e90264f33305004495a9",
    "hash": "200190934b073c322fab394eea92a815629d6a1b"
  },
  "/Users/johnkiernan/turing/3mod/shore-leave/src/components/Map/Map.js": {
    "path": "/Users/johnkiernan/turing/3mod/shore-leave/src/components/Map/Map.js",
    "statementMap": {
      "0": {
        "start": {
          "line": 11,
          "column": 18
        },
        "end": {
          "line": 14,
          "column": 3
        }
      },
      "1": {
        "start": {
          "line": 16,
          "column": 17
        },
        "end": {
          "line": 26,
          "column": 2
        }
      },
      "2": {
        "start": {
          "line": 28,
          "column": 36
        },
        "end": {
          "line": 28,
          "column": 53
        }
      },
      "3": {
        "start": {
          "line": 29,
          "column": 2
        },
        "end": {
          "line": 70,
          "column": 3
        }
      },
      "4": {
        "start": {
          "line": 40,
          "column": 8
        },
        "end": {
          "line": 50,
          "column": 9
        }
      },
      "5": {
        "start": {
          "line": 47,
          "column": 14
        },
        "end": {
          "line": 47,
          "column": 38
        }
      },
      "6": {
        "start": {
          "line": 54,
          "column": 8
        },
        "end": {
          "line": 65,
          "column": 9
        }
      },
      "7": {
        "start": {
          "line": 61,
          "column": 14
        },
        "end": {
          "line": 61,
          "column": 38
        }
      }
    },
    "fnMap": {
      "0": {
        "name": "Map",
        "decl": {
          "start": {
            "line": 10,
            "column": 9
          },
          "end": {
            "line": 10,
            "column": 12
          }
        },
        "loc": {
          "start": {
            "line": 10,
            "column": 124
          },
          "end": {
            "line": 71,
            "column": 1
          }
        },
        "line": 10
      },
      "1": {
        "name": "(anonymous_1)",
        "decl": {
          "start": {
            "line": 39,
            "column": 52
          },
          "end": {
            "line": 39,
            "column": 53
          }
        },
        "loc": {
          "start": {
            "line": 39,
            "column": 72
          },
          "end": {
            "line": 51,
            "column": 7
          }
        },
        "line": 39
      },
      "2": {
        "name": "(anonymous_2)",
        "decl": {
          "start": {
            "line": 46,
            "column": 19
          },
          "end": {
            "line": 46,
            "column": 20
          }
        },
        "loc": {
          "start": {
            "line": 46,
            "column": 26
          },
          "end": {
            "line": 48,
            "column": 13
          }
        },
        "line": 46
      },
      "3": {
        "name": "(anonymous_3)",
        "decl": {
          "start": {
            "line": 53,
            "column": 75
          },
          "end": {
            "line": 53,
            "column": 76
          }
        },
        "loc": {
          "start": {
            "line": 53,
            "column": 95
          },
          "end": {
            "line": 66,
            "column": 7
          }
        },
        "line": 53
      },
      "4": {
        "name": "(anonymous_4)",
        "decl": {
          "start": {
            "line": 60,
            "column": 19
          },
          "end": {
            "line": 60,
            "column": 20
          }
        },
        "loc": {
          "start": {
            "line": 60,
            "column": 26
          },
          "end": {
            "line": 62,
            "column": 13
          }
        },
        "line": 60
      }
    },
    "branchMap": {
      "0": {
        "loc": {
          "start": {
            "line": 39,
            "column": 7
          },
          "end": {
            "line": 51,
            "column": 8
          }
        },
        "type": "binary-expr",
        "locations": [
          {
            "start": {
              "line": 39,
              "column": 7
            },
            "end": {
              "line": 39,
              "column": 14
            }
          },
          {
            "start": {
              "line": 39,
              "column": 18
            },
            "end": {
              "line": 39,
              "column": 36
            }
          },
          {
            "start": {
              "line": 39,
              "column": 40
            },
            "end": {
              "line": 51,
              "column": 8
            }
          }
        ],
        "line": 39
      },
      "1": {
        "loc": {
          "start": {
            "line": 53,
            "column": 7
          },
          "end": {
            "line": 66,
            "column": 8
          }
        },
        "type": "binary-expr",
        "locations": [
          {
            "start": {
              "line": 53,
              "column": 8
            },
            "end": {
              "line": 53,
              "column": 29
            }
          },
          {
            "start": {
              "line": 53,
              "column": 33
            },
            "end": {
              "line": 53,
              "column": 53
            }
          },
          {
            "start": {
              "line": 53,
              "column": 58
            },
            "end": {
              "line": 53,
              "column": 62
            }
          },
          {
            "start": {
              "line": 53,
              "column": 66
            },
            "end": {
              "line": 66,
              "column": 8
            }
          }
        ],
        "line": 53
      },
      "2": {
        "loc": {
          "start": {
            "line": 68,
            "column": 7
          },
          "end": {
            "line": 68,
            "column": 62
          }
        },
        "type": "binary-expr",
        "locations": [
          {
            "start": {
              "line": 68,
              "column": 7
            },
            "end": {
              "line": 68,
              "column": 25
            }
          },
          {
            "start": {
              "line": 68,
              "column": 29
            },
            "end": {
              "line": 68,
              "column": 62
            }
          }
        ],
        "line": 68
      }
    },
    "s": {
      "0": 196,
      "1": 196,
      "2": 196,
      "3": 196,
      "4": 1680,
      "5": 0,
      "6": 206,
      "7": 0
    },
    "f": {
      "0": 196,
      "1": 1680,
      "2": 0,
      "3": 206,
      "4": 0
    },
    "b": {
      "0": [
        196,
        142,
        60
      ],
      "1": [
        196,
        114,
        100,
        70
      ],
      "2": [
        196,
        96
      ]
    },
    "_coverageSchema": "1a1c01bbd47fc00a2c39e90264f33305004495a9",
    "hash": "a6d23ca7b4b9a883d866c5873d64f3cd4791a8c7"
  },
  "/Users/johnkiernan/turing/3mod/shore-leave/src/components/Form/Form.js": {
    "path": "/Users/johnkiernan/turing/3mod/shore-leave/src/components/Form/Form.js",
    "statementMap": {
      "0": {
        "start": {
          "line": 7,
          "column": 38
        },
        "end": {
          "line": 7,
          "column": 54
        }
      },
      "1": {
        "start": {
          "line": 8,
          "column": 38
        },
        "end": {
          "line": 8,
          "column": 49
        }
      },
      "2": {
        "start": {
          "line": 9,
          "column": 34
        },
        "end": {
          "line": 9,
          "column": 57
        }
      },
      "3": {
        "start": {
          "line": 12,
          "column": 4
        },
        "end": {
          "line": 12,
          "column": 22
        }
      },
      "4": {
        "start": {
          "line": 13,
          "column": 4
        },
        "end": {
          "line": 13,
          "column": 67
        }
      },
      "5": {
        "start": {
          "line": 16,
          "column": 2
        },
        "end": {
          "line": 41,
          "column": 5
        }
      },
      "6": {
        "start": {
          "line": 20,
          "column": 70
        },
        "end": {
          "line": 20,
          "column": 99
        }
      },
      "7": {
        "start": {
          "line": 28,
          "column": 92
        },
        "end": {
          "line": 28,
          "column": 121
        }
      },
      "8": {
        "start": {
          "line": 32,
          "column": 61
        },
        "end": {
          "line": 32,
          "column": 88
        }
      }
    },
    "fnMap": {
      "0": {
        "name": "Form",
        "decl": {
          "start": {
            "line": 6,
            "column": 9
          },
          "end": {
            "line": 6,
            "column": 13
          }
        },
        "loc": {
          "start": {
            "line": 6,
            "column": 36
          },
          "end": {
            "line": 42,
            "column": 1
          }
        },
        "line": 6
      },
      "1": {
        "name": "handlePOIClick",
        "decl": {
          "start": {
            "line": 11,
            "column": 11
          },
          "end": {
            "line": 11,
            "column": 25
          }
        },
        "loc": {
          "start": {
            "line": 11,
            "column": 29
          },
          "end": {
            "line": 14,
            "column": 3
          }
        },
        "line": 11
      },
      "2": {
        "name": "(anonymous_2)",
        "decl": {
          "start": {
            "line": 20,
            "column": 63
          },
          "end": {
            "line": 20,
            "column": 64
          }
        },
        "loc": {
          "start": {
            "line": 20,
            "column": 70
          },
          "end": {
            "line": 20,
            "column": 99
          }
        },
        "line": 20
      },
      "3": {
        "name": "(anonymous_3)",
        "decl": {
          "start": {
            "line": 28,
            "column": 85
          },
          "end": {
            "line": 28,
            "column": 86
          }
        },
        "loc": {
          "start": {
            "line": 28,
            "column": 92
          },
          "end": {
            "line": 28,
            "column": 121
          }
        },
        "line": 28
      },
      "4": {
        "name": "(anonymous_4)",
        "decl": {
          "start": {
            "line": 32,
            "column": 54
          },
          "end": {
            "line": 32,
            "column": 55
          }
        },
        "loc": {
          "start": {
            "line": 32,
            "column": 61
          },
          "end": {
            "line": 32,
            "column": 88
          }
        },
        "line": 32
      }
    },
    "branchMap": {},
    "s": {
      "0": 172,
      "1": 172,
      "2": 172,
      "3": 9,
      "4": 9,
      "5": 172,
      "6": 9,
      "7": 27,
      "8": 9
    },
    "f": {
      "0": 172,
      "1": 9,
      "2": 9,
      "3": 27,
      "4": 9
    },
    "b": {},
    "_coverageSchema": "1a1c01bbd47fc00a2c39e90264f33305004495a9",
    "hash": "ca1b97e3e28de85b6f16b51a2aa0b5cc97a80c0e"
  },
  "/Users/johnkiernan/turing/3mod/shore-leave/src/components/POICard/POICard.js": {
    "path": "/Users/johnkiernan/turing/3mod/shore-leave/src/components/POICard/POICard.js",
    "statementMap": {
      "0": {
        "start": {
          "line": 7,
          "column": 23
        },
        "end": {
          "line": 7,
          "column": 35
        }
      },
      "1": {
        "start": {
          "line": 9,
          "column": 28
        },
        "end": {
          "line": 9,
          "column": 43
        }
      },
      "2": {
        "start": {
          "line": 11,
          "column": 26
        },
        "end": {
          "line": 13,
          "column": 3
        }
      },
      "3": {
        "start": {
          "line": 12,
          "column": 4
        },
        "end": {
          "line": 12,
          "column": 41
        }
      },
      "4": {
        "start": {
          "line": 15,
          "column": 2
        },
        "end": {
          "line": 19,
          "column": 16
        }
      },
      "5": {
        "start": {
          "line": 16,
          "column": 4
        },
        "end": {
          "line": 18,
          "column": 5
        }
      },
      "6": {
        "start": {
          "line": 17,
          "column": 6
        },
        "end": {
          "line": 17,
          "column": 23
        }
      },
      "7": {
        "start": {
          "line": 21,
          "column": 2
        },
        "end": {
          "line": 26,
          "column": 30
        }
      },
      "8": {
        "start": {
          "line": 22,
          "column": 4
        },
        "end": {
          "line": 25,
          "column": 5
        }
      },
      "9": {
        "start": {
          "line": 23,
          "column": 20
        },
        "end": {
          "line": 23,
          "column": 70
        }
      },
      "10": {
        "start": {
          "line": 23,
          "column": 55
        },
        "end": {
          "line": 23,
          "column": 69
        }
      },
      "11": {
        "start": {
          "line": 24,
          "column": 4
        },
        "end": {
          "line": 24,
          "column": 21
        }
      },
      "12": {
        "start": {
          "line": 29,
          "column": 4
        },
        "end": {
          "line": 29,
          "column": 17
        }
      },
      "13": {
        "start": {
          "line": 30,
          "column": 4
        },
        "end": {
          "line": 30,
          "column": 19
        }
      },
      "14": {
        "start": {
          "line": 34,
          "column": 4
        },
        "end": {
          "line": 34,
          "column": 25
        }
      },
      "15": {
        "start": {
          "line": 35,
          "column": 4
        },
        "end": {
          "line": 35,
          "column": 18
        }
      },
      "16": {
        "start": {
          "line": 38,
          "column": 2
        },
        "end": {
          "line": 65,
          "column": 3
        }
      },
      "17": {
        "start": {
          "line": 39,
          "column": 2
        },
        "end": {
          "line": 49,
          "column": 4
        }
      },
      "18": {
        "start": {
          "line": 47,
          "column": 29
        },
        "end": {
          "line": 47,
          "column": 53
        }
      },
      "19": {
        "start": {
          "line": 51,
          "column": 4
        },
        "end": {
          "line": 64,
          "column": 6
        }
      },
      "20": {
        "start": {
          "line": 61,
          "column": 42
        },
        "end": {
          "line": 61,
          "column": 58
        }
      },
      "21": {
        "start": {
          "line": 62,
          "column": 41
        },
        "end": {
          "line": 62,
          "column": 57
        }
      }
    },
    "fnMap": {
      "0": {
        "name": "POICard",
        "decl": {
          "start": {
            "line": 6,
            "column": 9
          },
          "end": {
            "line": 6,
            "column": 16
          }
        },
        "loc": {
          "start": {
            "line": 6,
            "column": 159
          },
          "end": {
            "line": 66,
            "column": 1
          }
        },
        "line": 6
      },
      "1": {
        "name": "(anonymous_1)",
        "decl": {
          "start": {
            "line": 11,
            "column": 26
          },
          "end": {
            "line": 11,
            "column": 27
          }
        },
        "loc": {
          "start": {
            "line": 11,
            "column": 32
          },
          "end": {
            "line": 13,
            "column": 3
          }
        },
        "line": 11
      },
      "2": {
        "name": "(anonymous_2)",
        "decl": {
          "start": {
            "line": 15,
            "column": 12
          },
          "end": {
            "line": 15,
            "column": 13
          }
        },
        "loc": {
          "start": {
            "line": 15,
            "column": 18
          },
          "end": {
            "line": 19,
            "column": 3
          }
        },
        "line": 15
      },
      "3": {
        "name": "(anonymous_3)",
        "decl": {
          "start": {
            "line": 21,
            "column": 12
          },
          "end": {
            "line": 21,
            "column": 13
          }
        },
        "loc": {
          "start": {
            "line": 21,
            "column": 18
          },
          "end": {
            "line": 26,
            "column": 3
          }
        },
        "line": 21
      },
      "4": {
        "name": "(anonymous_4)",
        "decl": {
          "start": {
            "line": 23,
            "column": 47
          },
          "end": {
            "line": 23,
            "column": 48
          }
        },
        "loc": {
          "start": {
            "line": 23,
            "column": 55
          },
          "end": {
            "line": 23,
            "column": 69
          }
        },
        "line": 23
      },
      "5": {
        "name": "handleDelete",
        "decl": {
          "start": {
            "line": 28,
            "column": 11
          },
          "end": {
            "line": 28,
            "column": 23
          }
        },
        "loc": {
          "start": {
            "line": 28,
            "column": 28
          },
          "end": {
            "line": 31,
            "column": 3
          }
        },
        "line": 28
      },
      "6": {
        "name": "handleSelect",
        "decl": {
          "start": {
            "line": 33,
            "column": 11
          },
          "end": {
            "line": 33,
            "column": 23
          }
        },
        "loc": {
          "start": {
            "line": 33,
            "column": 28
          },
          "end": {
            "line": 36,
            "column": 3
          }
        },
        "line": 33
      },
      "7": {
        "name": "(anonymous_7)",
        "decl": {
          "start": {
            "line": 47,
            "column": 23
          },
          "end": {
            "line": 47,
            "column": 24
          }
        },
        "loc": {
          "start": {
            "line": 47,
            "column": 29
          },
          "end": {
            "line": 47,
            "column": 53
          }
        },
        "line": 47
      },
      "8": {
        "name": "(anonymous_8)",
        "decl": {
          "start": {
            "line": 61,
            "column": 36
          },
          "end": {
            "line": 61,
            "column": 37
          }
        },
        "loc": {
          "start": {
            "line": 61,
            "column": 42
          },
          "end": {
            "line": 61,
            "column": 58
          }
        },
        "line": 61
      },
      "9": {
        "name": "(anonymous_9)",
        "decl": {
          "start": {
            "line": 62,
            "column": 35
          },
          "end": {
            "line": 62,
            "column": 36
          }
        },
        "loc": {
          "start": {
            "line": 62,
            "column": 41
          },
          "end": {
            "line": 62,
            "column": 57
          }
        },
        "line": 62
      }
    },
    "branchMap": {
      "0": {
        "loc": {
          "start": {
            "line": 16,
            "column": 4
          },
          "end": {
            "line": 18,
            "column": 5
          }
        },
        "type": "if",
        "locations": [
          {
            "start": {
              "line": 16,
              "column": 4
            },
            "end": {
              "line": 18,
              "column": 5
            }
          },
          {
            "start": {
              "line": 16,
              "column": 4
            },
            "end": {
              "line": 18,
              "column": 5
            }
          }
        ],
        "line": 16
      },
      "1": {
        "loc": {
          "start": {
            "line": 22,
            "column": 4
          },
          "end": {
            "line": 25,
            "column": 5
          }
        },
        "type": "if",
        "locations": [
          {
            "start": {
              "line": 22,
              "column": 4
            },
            "end": {
              "line": 25,
              "column": 5
            }
          },
          {
            "start": {
              "line": 22,
              "column": 4
            },
            "end": {
              "line": 25,
              "column": 5
            }
          }
        ],
        "line": 22
      },
      "2": {
        "loc": {
          "start": {
            "line": 22,
            "column": 8
          },
          "end": {
            "line": 22,
            "column": 49
          }
        },
        "type": "binary-expr",
        "locations": [
          {
            "start": {
              "line": 22,
              "column": 8
            },
            "end": {
              "line": 22,
              "column": 16
            }
          },
          {
            "start": {
              "line": 22,
              "column": 20
            },
            "end": {
              "line": 22,
              "column": 49
            }
          }
        ],
        "line": 22
      },
      "3": {
        "loc": {
          "start": {
            "line": 38,
            "column": 2
          },
          "end": {
            "line": 65,
            "column": 3
          }
        },
        "type": "if",
        "locations": [
          {
            "start": {
              "line": 38,
              "column": 2
            },
            "end": {
              "line": 65,
              "column": 3
            }
          },
          {
            "start": {
              "line": 38,
              "column": 2
            },
            "end": {
              "line": 65,
              "column": 3
            }
          }
        ],
        "line": 38
      },
      "4": {
        "loc": {
          "start": {
            "line": 41,
            "column": 43
          },
          "end": {
            "line": 41,
            "column": 63
          }
        },
        "type": "cond-expr",
        "locations": [
          {
            "start": {
              "line": 41,
              "column": 51
            },
            "end": {
              "line": 41,
              "column": 56
            }
          },
          {
            "start": {
              "line": 41,
              "column": 59
            },
            "end": {
              "line": 41,
              "column": 63
            }
          }
        ],
        "line": 41
      },
      "5": {
        "loc": {
          "start": {
            "line": 44,
            "column": 9
          },
          "end": {
            "line": 44,
            "column": 68
          }
        },
        "type": "binary-expr",
        "locations": [
          {
            "start": {
              "line": 44,
              "column": 9
            },
            "end": {
              "line": 44,
              "column": 24
            }
          },
          {
            "start": {
              "line": 44,
              "column": 28
            },
            "end": {
              "line": 44,
              "column": 68
            }
          }
        ],
        "line": 44
      },
      "6": {
        "loc": {
          "start": {
            "line": 45,
            "column": 9
          },
          "end": {
            "line": 45,
            "column": 42
          }
        },
        "type": "binary-expr",
        "locations": [
          {
            "start": {
              "line": 45,
              "column": 9
            },
            "end": {
              "line": 45,
              "column": 15
            }
          },
          {
            "start": {
              "line": 45,
              "column": 19
            },
            "end": {
              "line": 45,
              "column": 42
            }
          }
        ],
        "line": 45
      },
      "7": {
        "loc": {
          "start": {
            "line": 53,
            "column": 45
          },
          "end": {
            "line": 53,
            "column": 65
          }
        },
        "type": "cond-expr",
        "locations": [
          {
            "start": {
              "line": 53,
              "column": 53
            },
            "end": {
              "line": 53,
              "column": 58
            }
          },
          {
            "start": {
              "line": 53,
              "column": 61
            },
            "end": {
              "line": 53,
              "column": 65
            }
          }
        ],
        "line": 53
      },
      "8": {
        "loc": {
          "start": {
            "line": 56,
            "column": 11
          },
          "end": {
            "line": 56,
            "column": 78
          }
        },
        "type": "binary-expr",
        "locations": [
          {
            "start": {
              "line": 56,
              "column": 11
            },
            "end": {
              "line": 56,
              "column": 32
            }
          },
          {
            "start": {
              "line": 56,
              "column": 36
            },
            "end": {
              "line": 56,
              "column": 78
            }
          }
        ],
        "line": 56
      },
      "9": {
        "loc": {
          "start": {
            "line": 59,
            "column": 11
          },
          "end": {
            "line": 59,
            "column": 44
          }
        },
        "type": "binary-expr",
        "locations": [
          {
            "start": {
              "line": 59,
              "column": 11
            },
            "end": {
              "line": 59,
              "column": 17
            }
          },
          {
            "start": {
              "line": 59,
              "column": 21
            },
            "end": {
              "line": 59,
              "column": 44
            }
          }
        ],
        "line": 59
      },
      "10": {
        "loc": {
          "start": {
            "line": 61,
            "column": 9
          },
          "end": {
            "line": 61,
            "column": 116
          }
        },
        "type": "binary-expr",
        "locations": [
          {
            "start": {
              "line": 61,
              "column": 9
            },
            "end": {
              "line": 61,
              "column": 15
            }
          },
          {
            "start": {
              "line": 61,
              "column": 19
            },
            "end": {
              "line": 61,
              "column": 116
            }
          }
        ],
        "line": 61
      },
      "11": {
        "loc": {
          "start": {
            "line": 62,
            "column": 9
          },
          "end": {
            "line": 62,
            "column": 74
          }
        },
        "type": "binary-expr",
        "locations": [
          {
            "start": {
              "line": 62,
              "column": 9
            },
            "end": {
              "line": 62,
              "column": 14
            }
          },
          {
            "start": {
              "line": 62,
              "column": 18
            },
            "end": {
              "line": 62,
              "column": 74
            }
          }
        ],
        "line": 62
      }
    },
    "s": {
      "0": 1942,
      "1": 1942,
      "2": 1942,
      "3": 15,
      "4": 1942,
      "5": 473,
      "6": 15,
      "7": 1942,
      "8": 509,
      "9": 62,
      "10": 101,
      "11": 62,
      "12": 7,
      "13": 7,
      "14": 15,
      "15": 15,
      "16": 1942,
      "17": 1680,
      "18": 15,
      "19": 262,
      "20": 15,
      "21": 7
    },
    "f": {
      "0": 1942,
      "1": 15,
      "2": 473,
      "3": 509,
      "4": 101,
      "5": 7,
      "6": 15,
      "7": 15,
      "8": 15,
      "9": 7
    },
    "b": {
      "0": [
        15,
        458
      ],
      "1": [
        62,
        447
      ],
      "2": [
        509,
        89
      ],
      "3": [
        1680,
        262
      ],
      "4": [
        432,
        1248
      ],
      "5": [
        1680,
        372
      ],
      "6": [
        1680,
        716
      ],
      "7": [
        0,
        262
      ],
      "8": [
        262,
        262
      ],
      "9": [
        262,
        0
      ],
      "10": [
        262,
        134
      ],
      "11": [
        262,
        128
      ]
    },
    "_coverageSchema": "1a1c01bbd47fc00a2c39e90264f33305004495a9",
    "hash": "c3ad9e4812cf7b61511c7e109b6733e070360cc0"
  },
  "/Users/johnkiernan/turing/3mod/shore-leave/src/components/POIListings/POIListings.js": {
    "path": "/Users/johnkiernan/turing/3mod/shore-leave/src/components/POIListings/POIListings.js",
    "statementMap": {
      "0": {
        "start": {
          "line": 5,
          "column": 2
        },
        "end": {
          "line": 23,
          "column": 5
        }
      },
      "1": {
        "start": {
          "line": 8,
          "column": 10
        },
        "end": {
          "line": 21,
          "column": 11
        }
      }
    },
    "fnMap": {
      "0": {
        "name": "POIListings",
        "decl": {
          "start": {
            "line": 4,
            "column": 9
          },
          "end": {
            "line": 4,
            "column": 20
          }
        },
        "loc": {
          "start": {
            "line": 4,
            "column": 88
          },
          "end": {
            "line": 24,
            "column": 1
          }
        },
        "line": 4
      },
      "1": {
        "name": "(anonymous_1)",
        "decl": {
          "start": {
            "line": 7,
            "column": 38
          },
          "end": {
            "line": 7,
            "column": 39
          }
        },
        "loc": {
          "start": {
            "line": 7,
            "column": 45
          },
          "end": {
            "line": 21,
            "column": 12
          }
        },
        "line": 7
      }
    },
    "branchMap": {
      "0": {
        "loc": {
          "start": {
            "line": 7,
            "column": 10
          },
          "end": {
            "line": 21,
            "column": 13
          }
        },
        "type": "binary-expr",
        "locations": [
          {
            "start": {
              "line": 7,
              "column": 10
            },
            "end": {
              "line": 7,
              "column": 25
            }
          },
          {
            "start": {
              "line": 7,
              "column": 29
            },
            "end": {
              "line": 21,
              "column": 13
            }
          }
        ],
        "line": 7
      }
    },
    "s": {
      "0": 92,
      "1": 206
    },
    "f": {
      "0": 92,
      "1": 206
    },
    "b": {
      "0": [
        92,
        70
      ]
    },
    "_coverageSchema": "1a1c01bbd47fc00a2c39e90264f33305004495a9",
    "hash": "2ca94a5351033e48ef2e6debd6195abe716dfd33"
  },
  "/Users/johnkiernan/turing/3mod/shore-leave/src/components/DestinationForm/DestinationForm.js": {
    "path": "/Users/johnkiernan/turing/3mod/shore-leave/src/components/DestinationForm/DestinationForm.js",
    "statementMap": {
      "0": {
        "start": {
          "line": 6,
          "column": 26
        },
        "end": {
          "line": 6,
          "column": 38
        }
      },
      "1": {
        "start": {
          "line": 7,
          "column": 17
        },
        "end": {
          "line": 7,
          "column": 30
        }
      },
      "2": {
        "start": {
          "line": 10,
          "column": 4
        },
        "end": {
          "line": 10,
          "column": 22
        }
      },
      "3": {
        "start": {
          "line": 11,
          "column": 4
        },
        "end": {
          "line": 22,
          "column": 5
        }
      },
      "4": {
        "start": {
          "line": 12,
          "column": 23
        },
        "end": {
          "line": 17,
          "column": 7
        }
      },
      "5": {
        "start": {
          "line": 18,
          "column": 6
        },
        "end": {
          "line": 18,
          "column": 27
        }
      },
      "6": {
        "start": {
          "line": 19,
          "column": 6
        },
        "end": {
          "line": 19,
          "column": 27
        }
      },
      "7": {
        "start": {
          "line": 20,
          "column": 6
        },
        "end": {
          "line": 20,
          "column": 27
        }
      },
      "8": {
        "start": {
          "line": 21,
          "column": 6
        },
        "end": {
          "line": 21,
          "column": 39
        }
      },
      "9": {
        "start": {
          "line": 25,
          "column": 2
        },
        "end": {
          "line": 34,
          "column": 5
        }
      },
      "10": {
        "start": {
          "line": 31,
          "column": 55
        },
        "end": {
          "line": 31,
          "column": 78
        }
      }
    },
    "fnMap": {
      "0": {
        "name": "DestinationForm",
        "decl": {
          "start": {
            "line": 5,
            "column": 9
          },
          "end": {
            "line": 5,
            "column": 24
          }
        },
        "loc": {
          "start": {
            "line": 5,
            "column": 94
          },
          "end": {
            "line": 35,
            "column": 1
          }
        },
        "line": 5
      },
      "1": {
        "name": "createTrip",
        "decl": {
          "start": {
            "line": 9,
            "column": 11
          },
          "end": {
            "line": 9,
            "column": 21
          }
        },
        "loc": {
          "start": {
            "line": 9,
            "column": 25
          },
          "end": {
            "line": 23,
            "column": 3
          }
        },
        "line": 9
      },
      "2": {
        "name": "(anonymous_2)",
        "decl": {
          "start": {
            "line": 31,
            "column": 48
          },
          "end": {
            "line": 31,
            "column": 49
          }
        },
        "loc": {
          "start": {
            "line": 31,
            "column": 55
          },
          "end": {
            "line": 31,
            "column": 78
          }
        },
        "line": 31
      }
    },
    "branchMap": {
      "0": {
        "loc": {
          "start": {
            "line": 11,
            "column": 4
          },
          "end": {
            "line": 22,
            "column": 5
          }
        },
        "type": "if",
        "locations": [
          {
            "start": {
              "line": 11,
              "column": 4
            },
            "end": {
              "line": 22,
              "column": 5
            }
          },
          {
            "start": {
              "line": 11,
              "column": 4
            },
            "end": {
              "line": 22,
              "column": 5
            }
          }
        ],
        "line": 11
      },
      "1": {
        "loc": {
          "start": {
            "line": 11,
            "column": 8
          },
          "end": {
            "line": 11,
            "column": 30
          }
        },
        "type": "binary-expr",
        "locations": [
          {
            "start": {
              "line": 11,
              "column": 8
            },
            "end": {
              "line": 11,
              "column": 12
            }
          },
          {
            "start": {
              "line": 11,
              "column": 16
            },
            "end": {
              "line": 11,
              "column": 30
            }
          }
        ],
        "line": 11
      },
      "2": {
        "loc": {
          "start": {
            "line": 29,
            "column": 10
          },
          "end": {
            "line": 29,
            "column": 47
          }
        },
        "type": "binary-expr",
        "locations": [
          {
            "start": {
              "line": 29,
              "column": 10
            },
            "end": {
              "line": 29,
              "column": 24
            }
          },
          {
            "start": {
              "line": 29,
              "column": 28
            },
            "end": {
              "line": 29,
              "column": 47
            }
          }
        ],
        "line": 29
      }
    },
    "s": {
      "0": 122,
      "1": 122,
      "2": 11,
      "3": 11,
      "4": 11,
      "5": 11,
      "6": 11,
      "7": 11,
      "8": 11,
      "9": 122,
      "10": 13
    },
    "f": {
      "0": 122,
      "1": 11,
      "2": 13
    },
    "b": {
      "0": [
        11,
        0
      ],
      "1": [
        11,
        11
      ],
      "2": [
        122,
        52
      ]
    },
    "_coverageSchema": "1a1c01bbd47fc00a2c39e90264f33305004495a9",
    "hash": "bacb4def814a22a1c9e0af2c19f523943ca0a0b3"
  },
  "/Users/johnkiernan/turing/3mod/shore-leave/src/components/MarinaListings/MarinaListings.js": {
    "path": "/Users/johnkiernan/turing/3mod/shore-leave/src/components/MarinaListings/MarinaListings.js",
    "statementMap": {
      "0": {
        "start": {
          "line": 5,
          "column": 2
        },
        "end": {
          "line": 20,
          "column": 5
        }
      },
      "1": {
        "start": {
          "line": 8,
          "column": 10
        },
        "end": {
          "line": 18,
          "column": 11
        }
      }
    },
    "fnMap": {
      "0": {
        "name": "MarinaListings",
        "decl": {
          "start": {
            "line": 4,
            "column": 9
          },
          "end": {
            "line": 4,
            "column": 23
          }
        },
        "loc": {
          "start": {
            "line": 4,
            "column": 79
          },
          "end": {
            "line": 21,
            "column": 1
          }
        },
        "line": 4
      },
      "1": {
        "name": "(anonymous_1)",
        "decl": {
          "start": {
            "line": 7,
            "column": 33
          },
          "end": {
            "line": 7,
            "column": 34
          }
        },
        "loc": {
          "start": {
            "line": 7,
            "column": 43
          },
          "end": {
            "line": 18,
            "column": 12
          }
        },
        "line": 7
      }
    },
    "branchMap": {
      "0": {
        "loc": {
          "start": {
            "line": 7,
            "column": 10
          },
          "end": {
            "line": 18,
            "column": 13
          }
        },
        "type": "binary-expr",
        "locations": [
          {
            "start": {
              "line": 7,
              "column": 10
            },
            "end": {
              "line": 7,
              "column": 17
            }
          },
          {
            "start": {
              "line": 7,
              "column": 21
            },
            "end": {
              "line": 18,
              "column": 13
            }
          }
        ],
        "line": 7
      }
    },
    "s": {
      "0": 96,
      "1": 1680
    },
    "f": {
      "0": 96,
      "1": 1680
    },
    "b": {
      "0": [
        96,
        60
      ]
    },
    "_coverageSchema": "1a1c01bbd47fc00a2c39e90264f33305004495a9",
    "hash": "2c6dc737f302d65ca65ae117f4000b411c0d561e"
  },
  "/Users/johnkiernan/turing/3mod/shore-leave/src/components/TripPage/TripPage.js": {
    "path": "/Users/johnkiernan/turing/3mod/shore-leave/src/components/TripPage/TripPage.js",
    "statementMap": {
      "0": {
        "start": {
          "line": 12,
          "column": 32
        },
        "end": {
          "line": 12,
          "column": 44
        }
      },
      "1": {
        "start": {
          "line": 13,
          "column": 46
        },
        "end": {
          "line": 13,
          "column": 58
        }
      },
      "2": {
        "start": {
          "line": 14,
          "column": 26
        },
        "end": {
          "line": 14,
          "column": 38
        }
      },
      "3": {
        "start": {
          "line": 15,
          "column": 40
        },
        "end": {
          "line": 15,
          "column": 52
        }
      },
      "4": {
        "start": {
          "line": 16,
          "column": 34
        },
        "end": {
          "line": 16,
          "column": 46
        }
      },
      "5": {
        "start": {
          "line": 18,
          "column": 21
        },
        "end": {
          "line": 18,
          "column": 32
        }
      },
      "6": {
        "start": {
          "line": 20,
          "column": 2
        },
        "end": {
          "line": 26,
          "column": 14
        }
      },
      "7": {
        "start": {
          "line": 21,
          "column": 4
        },
        "end": {
          "line": 25,
          "column": 3
        }
      },
      "8": {
        "start": {
          "line": 22,
          "column": 26
        },
        "end": {
          "line": 22,
          "column": 64
        }
      },
      "9": {
        "start": {
          "line": 22,
          "column": 45
        },
        "end": {
          "line": 22,
          "column": 63
        }
      },
      "10": {
        "start": {
          "line": 23,
          "column": 6
        },
        "end": {
          "line": 23,
          "column": 30
        }
      },
      "11": {
        "start": {
          "line": 24,
          "column": 6
        },
        "end": {
          "line": 24,
          "column": 39
        }
      },
      "12": {
        "start": {
          "line": 29,
          "column": 4
        },
        "end": {
          "line": 29,
          "column": 63
        }
      },
      "13": {
        "start": {
          "line": 29,
          "column": 45
        },
        "end": {
          "line": 29,
          "column": 61
        }
      },
      "14": {
        "start": {
          "line": 33,
          "column": 4
        },
        "end": {
          "line": 33,
          "column": 51
        }
      },
      "15": {
        "start": {
          "line": 33,
          "column": 36
        },
        "end": {
          "line": 33,
          "column": 49
        }
      },
      "16": {
        "start": {
          "line": 37,
          "column": 20
        },
        "end": {
          "line": 37,
          "column": 51
        }
      },
      "17": {
        "start": {
          "line": 37,
          "column": 37
        },
        "end": {
          "line": 37,
          "column": 50
        }
      },
      "18": {
        "start": {
          "line": 38,
          "column": 30
        },
        "end": {
          "line": 38,
          "column": 51
        }
      },
      "19": {
        "start": {
          "line": 39,
          "column": 19
        },
        "end": {
          "line": 39,
          "column": 83
        }
      },
      "20": {
        "start": {
          "line": 39,
          "column": 61
        },
        "end": {
          "line": 39,
          "column": 82
        }
      },
      "21": {
        "start": {
          "line": 40,
          "column": 4
        },
        "end": {
          "line": 53,
          "column": 5
        }
      },
      "22": {
        "start": {
          "line": 41,
          "column": 6
        },
        "end": {
          "line": 43,
          "column": 7
        }
      },
      "23": {
        "start": {
          "line": 44,
          "column": 22
        },
        "end": {
          "line": 44,
          "column": 59
        }
      },
      "24": {
        "start": {
          "line": 45,
          "column": 6
        },
        "end": {
          "line": 45,
          "column": 26
        }
      },
      "25": {
        "start": {
          "line": 46,
          "column": 6
        },
        "end": {
          "line": 52,
          "column": 7
        }
      },
      "26": {
        "start": {
          "line": 47,
          "column": 8
        },
        "end": {
          "line": 47,
          "column": 24
        }
      },
      "27": {
        "start": {
          "line": 48,
          "column": 13
        },
        "end": {
          "line": 52,
          "column": 7
        }
      },
      "28": {
        "start": {
          "line": 48,
          "column": 36
        },
        "end": {
          "line": 48,
          "column": 59
        }
      },
      "29": {
        "start": {
          "line": 49,
          "column": 8
        },
        "end": {
          "line": 49,
          "column": 34
        }
      },
      "30": {
        "start": {
          "line": 50,
          "column": 13
        },
        "end": {
          "line": 52,
          "column": 7
        }
      },
      "31": {
        "start": {
          "line": 50,
          "column": 37
        },
        "end": {
          "line": 50,
          "column": 60
        }
      },
      "32": {
        "start": {
          "line": 51,
          "column": 8
        },
        "end": {
          "line": 51,
          "column": 24
        }
      },
      "33": {
        "start": {
          "line": 57,
          "column": 21
        },
        "end": {
          "line": 57,
          "column": 31
        }
      },
      "34": {
        "start": {
          "line": 58,
          "column": 20
        },
        "end": {
          "line": 58,
          "column": 66
        }
      },
      "35": {
        "start": {
          "line": 58,
          "column": 42
        },
        "end": {
          "line": 58,
          "column": 65
        }
      },
      "36": {
        "start": {
          "line": 59,
          "column": 32
        },
        "end": {
          "line": 59,
          "column": 100
        }
      },
      "37": {
        "start": {
          "line": 59,
          "column": 78
        },
        "end": {
          "line": 59,
          "column": 99
        }
      },
      "38": {
        "start": {
          "line": 60,
          "column": 4
        },
        "end": {
          "line": 60,
          "column": 55
        }
      },
      "39": {
        "start": {
          "line": 61,
          "column": 4
        },
        "end": {
          "line": 61,
          "column": 35
        }
      },
      "40": {
        "start": {
          "line": 61,
          "column": 20
        },
        "end": {
          "line": 61,
          "column": 33
        }
      },
      "41": {
        "start": {
          "line": 62,
          "column": 4
        },
        "end": {
          "line": 62,
          "column": 24
        }
      },
      "42": {
        "start": {
          "line": 65,
          "column": 2
        },
        "end": {
          "line": 122,
          "column": 5
        }
      },
      "43": {
        "start": {
          "line": 108,
          "column": 29
        },
        "end": {
          "line": 108,
          "column": 50
        }
      }
    },
    "fnMap": {
      "0": {
        "name": "TripPage",
        "decl": {
          "start": {
            "line": 11,
            "column": 9
          },
          "end": {
            "line": 11,
            "column": 17
          }
        },
        "loc": {
          "start": {
            "line": 11,
            "column": 73
          },
          "end": {
            "line": 123,
[...]
      "0": {
        "loc": {
          "start": {
            "line": 21,
            "column": 4
          },
          "end": {
            "line": 25,
            "column": 3
          }
        },
        "type": "if",
        "locations": [
          {
            "start": {
              "line": 21,
              "column": 4
            },
            "end": {
              "line": 25,
              "column": 3
            }
          },
          {
            "start": {
              "line": 21,
              "column": 4
            },
            "end": {
              "line": 25,
              "column": 3
            }
          }
        ],
        "line": 21
      },
      "1": {
        "loc": {
          "start": {
            "line": 21,
            "column": 8
          },
          "end": {
            "line": 21,
            "column": 38
          }
        },
        "type": "binary-expr",
        "locations": [
          {
            "start": {
              "line": 21,
              "column": 8
            },
            "end": {
              "line": 21,
              "column": 14
            }
          },
          {
            "start": {
              "line": 21,
              "column": 18
            },
            "end": {
              "line": 21,
              "column": 38
            }
          }
        ],
        "line": 21
      },
      "2": {
        "loc": {
          "start": {
            "line": 40,
            "column": 4
          },
          "end": {
            "line": 53,
            "column": 5
          }
        },
        "type": "if",
        "locations": [
          {
            "start": {
              "line": 40,
              "column": 4
            },
            "end": {
              "line": 53,
              "column": 5
            }
          },
          {
            "start": {
              "line": 40,
              "column": 4
            },
            "end": {
              "line": 53,
              "column": 5
            }
          }
        ],
        "line": 40
      },
      "3": {
        "loc": {
          "start": {
            "line": 46,
            "column": 6
          },
          "end": {
            "line": 52,
            "column": 7
          }
        },
        "type": "if",
        "locations": [
          {
            "start": {
              "line": 46,
              "column": 6
            },
            "end": {
              "line": 52,
              "column": 7
            }
          },
          {
            "start": {
              "line": 46,
              "column": 6
            },
            "end": {
              "line": 52,
              "column": 7
            }
          }
        ],
        "line": 46
      },
      "4": {
        "loc": {
          "start": {
            "line": 48,
            "column": 13
          },
          "end": {
            "line": 52,
            "column": 7
          }
        },
        "type": "if",
        "locations": [
          {
            "start": {
              "line": 48,
              "column": 13
            },
            "end": {
              "line": 52,
              "column": 7
            }
          },
          {
            "start": {
              "line": 48,
              "column": 13
            },
            "end": {
              "line": 52,
              "column": 7
            }
          }
        ],
        "line": 48
      },
      "5": {
        "loc": {
          "start": {
            "line": 50,
            "column": 13
          },
          "end": {
            "line": 52,
            "column": 7
          }
        },
        "type": "if",
        "locations": [
          {
            "start": {
              "line": 50,
              "column": 13
            },
            "end": {
              "line": 52,
              "column": 7
            }
          },
          {
            "start": {
              "line": 50,
              "column": 13
            },
            "end": {
              "line": 52,
              "column": 7
            }
          }
        ],
        "line": 50
      },
      "6": {
        "loc": {
          "start": {
            "line": 78,
            "column": 7
          },
          "end": {
            "line": 90,
            "column": 16
          }
        },
        "type": "binary-expr",
        "locations": [
          {
            "start": {
              "line": 78,
              "column": 7
            },
            "end": {
              "line": 78,
              "column": 25
            }
          },
          {
            "start": {
              "line": 78,
              "column": 29
            },
            "end": {
              "line": 90,
              "column": 16
            }
          }
        ],
        "line": 78
      },
      "7": {
        "loc": {
          "start": {
            "line": 92,
            "column": 7
          },
          "end": {
            "line": 103,
            "column": 16
          }
        },
        "type": "binary-expr",
        "locations": [
          {
            "start": {
              "line": 92,
              "column": 7
            },
            "end": {
              "line": 92,
              "column": 28
            }
          },
          {
            "start": {
              "line": 92,
              "column": 32
            },
            "end": {
              "line": 103,
              "column": 16
            }
          }
        ],
        "line": 92
      },
      "8": {
        "loc": {
          "start": {
            "line": 105,
            "column": 7
          },
          "end": {
            "line": 117,
            "column": 16
          }
        },
        "type": "binary-expr",
        "locations": [
          {
            "start": {
              "line": 105,
              "column": 7
            },
            "end": {
              "line": 105,
              "column": 27
            }
          },
          {
            "start": {
              "line": 105,
              "column": 31
            },
            "end": {
              "line": 105,
              "column": 39
            }
          },
          {
            "start": {
              "line": 105,
              "column": 43
            },
            "end": {
              "line": 117,
              "column": 16
            }
          }
        ],
        "line": 105
      }
    },
    "s": {
      "0": 196,
      "1": 196,
      "2": 196,
      "3": 196,
      "4": 196,
      "5": 196,
      "6": 196,
      "7": 33,
      "8": 4,
      "9": 4,
      "10": 4,
      "11": 4,
      "12": 15,
      "13": 15,
      "14": 0,
      "15": 0,
      "16": 15,
      "17": 30,
      "18": 15,
      "19": 15,
      "20": 15,
      "21": 15,
      "22": 15,
      "23": 15,
      "24": 15,
      "25": 15,
      "26": 5,
      "27": 10,
      "28": 10,
      "29": 10,
      "30": 0,
      "31": 0,
      "32": 0,
      "33": 7,
      "34": 7,
      "35": 7,
      "36": 7,
      "37": 7,
      "38": 7,
      "39": 7,
      "40": 9,
      "41": 7,
      "42": 196,
      "43": 0
    },
    "f": {
      "0": 196,
      "1": 33,
      "2": 4,
      "3": 15,
      "4": 15,
      "5": 0,
      "6": 0,
      "7": 15,
      "8": 30,
      "9": 15,
      "10": 10,
      "11": 0,
      "12": 7,
      "13": 7,
      "14": 7,
      "15": 9,
      "16": 0
    },
    "b": {
      "0": [
        4,
        29
      ],
      "1": [
        33,
        15
      ],
      "2": [
        15,
        0
      ],
      "3": [
        5,
        10
      ],
      "4": [
        10,
        0
      ],
      "5": [
        0,
        0
      ],
      "6": [
        196,
        96
      ],
      "7": [
        196,
        82
      ],
      "8": [
        196,
        18,
        10
      ]
    },
    "_coverageSchema": "1a1c01bbd47fc00a2c39e90264f33305004495a9",
    "hash": "8d60688eb74db2d4b476f190859bea763262a422"
  },
  "/Users/johnkiernan/turing/3mod/shore-leave/src/components/App/App.js": {
    "path": "/Users/johnkiernan/turing/3mod/shore-leave/src/components/App/App.js",
    "statementMap": {
      "0": {
        "start": {
          "line": 8,
          "column": 28
        },
        "end": {
          "line": 8,
          "column": 40
        }
      },
      "1": {
        "start": {
          "line": 9,
          "column": 28
        },
        "end": {
          "line": 9,
          "column": 46
        }
      },
      "2": {
        "start": {
          "line": 12,
          "column": 4
        },
        "end": {
          "line": 12,
          "column": 42
        }
      },
      "3": {
        "start": {
          "line": 12,
          "column": 22
        },
        "end": {
          "line": 12,
          "column": 41
        }
      },
      "4": {
        "start": {
          "line": 16,
          "column": 21
        },
        "end": {
          "line": 16,
          "column": 31
        }
      },
      "5": {
        "start": {
          "line": 17,
          "column": 20
        },
        "end": {
          "line": 17,
          "column": 65
        }
      },
      "6": {
        "start": {
          "line": 17,
          "column": 42
        },
        "end": {
          "line": 17,
          "column": 64
        }
      },
      "7": {
        "start": {
          "line": 18,
          "column": 20
        },
        "end": {
          "line": 18,
          "column": 76
        }
      },
      "8": {
        "start": {
          "line": 18,
          "column": 54
        },
        "end": {
          "line": 18,
          "column": 75
        }
      },
      "9": {
        "start": {
          "line": 19,
          "column": 4
        },
        "end": {
          "line": 21,
          "column": 5
        }
      },
      "10": {
        "start": {
          "line": 20,
          "column": 6
        },
        "end": {
          "line": 20,
          "column": 39
        }
      },
      "11": {
        "start": {
          "line": 22,
          "column": 4
        },
        "end": {
          "line": 22,
          "column": 28
        }
      },
      "12": {
        "start": {
          "line": 22,
          "column": 19
        },
        "end": {
          "line": 22,
          "column": 27
        }
      },
      "13": {
        "start": {
          "line": 25,
          "column": 2
        },
        "end": {
          "line": 33,
          "column": 4
        }
      }
    },
    "fnMap": {
      "0": {
        "name": "App",
        "decl": {
          "start": {
            "line": 7,
            "column": 9
          },
          "end": {
            "line": 7,
            "column": 12
          }
        },
        "loc": {
          "start": {
            "line": 7,
            "column": 15
          },
          "end": {
            "line": 34,
            "column": 1
          }
        },
        "line": 7
      },
      "1": {
        "name": "addTrip",
        "decl": {
          "start": {
            "line": 11,
            "column": 11
          },
          "end": {
            "line": 11,
            "column": 18
          }
        },
        "loc": {
          "start": {
            "line": 11,
            "column": 28
          },
          "end": {
            "line": 13,
            "column": 3
          }
        },
        "line": 11
      },
      "2": {
        "name": "(anonymous_2)",
        "decl": {
          "start": {
            "line": 12,
            "column": 13
          },
          "end": {
            "line": 12,
            "column": 14
          }
        },
        "loc": {
          "start": {
            "line": 12,
            "column": 22
          },
          "end": {
            "line": 12,
            "column": 41
          }
        },
        "line": 12
      },
      "3": {
        "name": "editTrip",
        "decl": {
          "start": {
            "line": 15,
            "column": 11
          },
          "end": {
            "line": 15,
            "column": 19
          }
        },
        "loc": {
          "start": {
            "line": 15,
            "column": 37
          },
          "end": {
            "line": 23,
            "column": 3
          }
        },
        "line": 15
      },
      "4": {
        "name": "(anonymous_4)",
        "decl": {
          "start": {
            "line": 17,
            "column": 34
          },
          "end": {
            "line": 17,
            "column": 35
          }
        },
        "loc": {
          "start": {
            "line": 17,
            "column": 42
          },
          "end": {
            "line": 17,
            "column": 64
          }
        },
        "line": 17
      },
      "5": {
        "name": "(anonymous_5)",
        "decl": {
          "start": {
            "line": 18,
            "column": 46
          },
          "end": {
            "line": 18,
            "column": 47
          }
        },
        "loc": {
          "start": {
            "line": 18,
            "column": 54
          },
          "end": {
            "line": 18,
            "column": 75
          }
        },
        "line": 18
      },
      "6": {
        "name": "(anonymous_6)",
        "decl": {
          "start": {
            "line": 22,
            "column": 13
          },
          "end": {
            "line": 22,
            "column": 14
          }
        },
        "loc": {
          "start": {
            "line": 22,
            "column": 19
          },
          "end": {
            "line": 22,
            "column": 27
          }
        },
        "line": 22
      }
    },
    "branchMap": {
      "0": {
        "loc": {
          "start": {
            "line": 19,
            "column": 4
          },
          "end": {
            "line": 21,
            "column": 5
          }
        },
        "type": "if",
        "locations": [
          {
            "start": {
              "line": 19,
              "column": 4
            },
            "end": {
              "line": 21,
              "column": 5
            }
          },
          {
            "start": {
              "line": 19,
              "column": 4
            },
            "end": {
              "line": 21,
              "column": 5
            }
          }
        ],
        "line": 19
      }
    },
    "s": {
      "0": 115,
      "1": 112,
      "2": 5,
      "3": 5,
      "4": 10,
      "5": 10,
      "6": 10,
      "7": 10,
      "8": 15,
      "9": 10,
      "10": 10,
      "11": 10,
      "12": 10,
      "13": 112
    },
    "f": {
      "0": 115,
      "1": 5,
      "2": 5,
      "3": 10,
      "4": 10,
      "5": 15,
      "6": 10
    },
    "b": {
      "0": [
        10,
        0
      ]
    },
    "_coverageSchema": "1a1c01bbd47fc00a2c39e90264f33305004495a9",
    "hash": "42e7f5a0fc8fc23e0f3c4183488836fe31cc7eec"
  },
  "/Users/johnkiernan/turing/3mod/shore-leave/src/reportWebVitals.js": {
    "path": "/Users/johnkiernan/turing/3mod/shore-leave/src/reportWebVitals.js",
    "statementMap": {
      "0": {
        "start": {
          "line": 1,
          "column": 24
        },
        "end": {
          "line": 11,
          "column": 1
        }
      },
      "1": {
        "start": {
          "line": 2,
          "column": 2
        },
        "end": {
          "line": 10,
          "column": 3
        }
      },
      "2": {
        "start": {
          "line": 3,
          "column": 4
        },
        "end": {
          "line": 9,
          "column": 7
        }
      },
      "3": {
        "start": {
          "line": 4,
          "column": 6
        },
        "end": {
          "line": 4,
          "column": 26
        }
      },
      "4": {
        "start": {
          "line": 5,
          "column": 6
        },
        "end": {
          "line": 5,
          "column": 26
        }
      },
      "5": {
        "start": {
          "line": 6,
          "column": 6
        },
        "end": {
          "line": 6,
          "column": 26
        }
      },
      "6": {
        "start": {
          "line": 7,
          "column": 6
        },
        "end": {
          "line": 7,
          "column": 26
        }
      },
      "7": {
        "start": {
          "line": 8,
          "column": 6
        },
        "end": {
          "line": 8,
          "column": 27
        }
      }
    },
    "fnMap": {
      "0": {
        "name": "(anonymous_0)",
        "decl": {
          "start": {
            "line": 1,
            "column": 24
          },
          "end": {
            "line": 1,
            "column": 25
          }
        },
        "loc": {
          "start": {
            "line": 1,
            "column": 39
          },
          "end": {
            "line": 11,
            "column": 1
          }
        },
        "line": 1
      },
      "1": {
        "name": "(anonymous_1)",
        "decl": {
          "start": {
            "line": 3,
            "column": 30
          },
          "end": {
            "line": 3,
            "column": 31
          }
        },
        "loc": {
          "start": {
            "line": 3,
            "column": 79
          },
          "end": {
            "line": 9,
            "column": 5
          }
        },
        "line": 3
      }
    },
    "branchMap": {
      "0": {
        "loc": {
          "start": {
            "line": 2,
            "column": 2
          },
          "end": {
            "line": 10,
            "column": 3
          }
        },
        "type": "if",
        "locations": [
          {
            "start": {
              "line": 2,
              "column": 2
            },
            "end": {
              "line": 10,
              "column": 3
            }
          },
          {
            "start": {
              "line": 2,
              "column": 2
            },
            "end": {
              "line": 10,
              "column": 3
            }
          }
        ],
        "line": 2
      },
      "1": {
        "loc": {
          "start": {
            "line": 2,
            "column": 6
          },
          "end": {
            "line": 2,
            "column": 52
          }
        },
        "type": "binary-expr",
        "locations": [
          {
            "start": {
              "line": 2,
              "column": 6
            },
            "end": {
              "line": 2,
              "column": 17
            }
          },
          {
            "start": {
              "line": 2,
              "column": 21
            },
            "end": {
              "line": 2,
              "column": 52
            }
          }
        ],
        "line": 2
      }
    },
    "s": {
      "0": 20,
      "1": 20,
      "2": 0,
      "3": 0,
      "4": 0,
      "5": 0,
      "6": 0,
      "7": 0
    },
    "f": {
      "0": 20,
      "1": 0
    },
    "b": {
      "0": [
        0,
        20
      ],
      "1": [
        20,
        0
      ]
    },
    "_coverageSchema": "1a1c01bbd47fc00a2c39e90264f33305004495a9",
    "hash": "f8dd5ac3839880bc785683dbaa4227f5d4823a90"
  },
  "/Users/johnkiernan/turing/3mod/shore-leave/src/index.js": {
    "path": "/Users/johnkiernan/turing/3mod/shore-leave/src/index.js",
    "statementMap": {
      "0": {
        "start": {
          "line": 8,
          "column": 0
        },
        "end": {
          "line": 15,
          "column": 2
        }
      },
      "1": {
        "start": {
          "line": 20,
          "column": 0
        },
        "end": {
          "line": 20,
          "column": 18
        }
      }
    },
    "fnMap": {},
    "branchMap": {},
    "s": {
      "0": 20,
      "1": 20
    },
    "f": {},
    "b": {},
    "_coverageSchema": "1a1c01bbd47fc00a2c39e90264f33305004495a9",
    "hash": "0bec5dad73883270930b9450f5f006c7f6fc0343"
  }
}